#
# A fatal error has been detected by the Java Runtime Environment:
#
#  EXCEPTION_ACCESS_VIOLATION (0xc0000005) at pc=0x5d88bc62, pid=508, tid=0x00005c40
#
# JRE version: Java(TM) SE Runtime Environment (8.0_151-b12) (build 1.8.0_151-b12)
# Java VM: Java HotSpot(TM) Client VM (25.151-b12 mixed mode windows-x86 )
# Problematic frame:
# V  [jvm.dll+0x15bc62]
#
# Failed to write core dump. Minidumps are not enabled by default on client versions of Windows
#
# If you would like to submit a bug report, please visit:
#   http://bugreport.java.com/bugreport/crash.jsp
#

---------------  T H R E A D  ---------------

Current thread (0x1980c400):  JavaThread "Thread-12" [_thread_in_vm, id=23616, stack(0x24020000,0x24070000)]

siginfo: ExceptionCode=0xc0000005, reading address 0x00000009

Registers:
EAX=0x00000009, EBX=0x04ea4138, ECX=0x00000000, EDX=0x02d4b6f0
ESP=0x2406f9e8, EBP=0x2406f9f4, ESI=0x02b4aca0, EDI=0x1980c400
EIP=0x5d88bc62, EFLAGS=0x00010206

Top of Stack: (sp=0x2406f9e8)
0x2406f9e8:   1980c400 02d4b6f0 204f3fc8 2406fa08
0x2406f9f8:   5d88bd4e 04ea4138 1980c400 1980c540
0x2406fa08:   2406fa30 5d8068d4 196a15bc 0000000a
0x2406fa18:   1980c540 204f3fc8 1980c400 00000000
0x2406fa28:   fffffffe 2406fa8c 2406fa8c 204e197e
0x2406fa38:   196a15bc 2406fa9c 1980c400 20495300
0x2406fa48:   20495300 02d5d3d3 1980c540 2406faa4
0x2406fa58:   00000001 2406fa9c 00000012 04ea4148 

Instructions: (pc=0x5d88bc62)
0x5d88bc42:   f0 8b 8e 80 00 00 00 8d 04 8e 41 5f 89 8e 80 00
0x5d88bc52:   00 00 5e 89 18 5b 5d c2 04 00 8b 86 90 00 00 00
0x5d88bc62:   8b 08 5f 89 8e 90 00 00 00 5e 89 18 5b 5d c2 04
0x5d88bc72:   00 cc cc cc cc cc cc cc cc cc cc cc cc cc 55 8b 


Register to memory mapping:

EAX=0x00000009 is an unknown value
EBX=
[error occurred during error reporting (printing register info), id 0xc0000005]

Stack: [0x24020000,0x24070000],  sp=0x2406f9e8,  free space=318k
Native frames: (J=compiled Java code, j=interpreted, Vv=VM code, C=native code)
V  [jvm.dll+0x15bc62]
V  [jvm.dll+0x15bd4e]
V  [jvm.dll+0xd68d4]
C  [Jpcap.dll+0x197e]
j  networkproj.SniffingThread$1.run()V+45
j  java.lang.Thread.run()V+11
v  ~StubRoutines::call_stub
V  [jvm.dll+0x15ad95]
V  [jvm.dll+0x22115e]
V  [jvm.dll+0x15ae2e]
V  [jvm.dll+0x15afb6]
V  [jvm.dll+0x15b027]
V  [jvm.dll+0xff36f]
V  [jvm.dll+0x17da50]
V  [jvm.dll+0x17e2ca]
V  [jvm.dll+0x1c2cb6]
C  [msvcr100.dll+0x5c556]
C  [msvcr100.dll+0x5c600]
C  [KERNEL32.DLL+0x18744]
C  [ntdll.dll+0x6582d]
C  [ntdll.dll+0x657fd]
C  0x00000000

Java frames: (J=compiled Java code, j=interpreted, Vv=VM code)
j  jpcap.JpcapCaptor.processPacket(ILjpcap/PacketReceiver;)I+0
j  networkproj.SniffingThread$1.run()V+45
j  java.lang.Thread.run()V+11
v  ~StubRoutines::call_stub

---------------  P R O C E S S  ---------------

Java Threads: ( => current thread )
  0x1980cc00 JavaThread "Thread-14" [_thread_blocked, id=19376, stack(0x24170000,0x241c0000)]
  0x1980bc00 JavaThread "Thread-13" [_thread_blocked, id=20268, stack(0x240c0000,0x24110000)]
=>0x1980c400 JavaThread "Thread-12" [_thread_in_vm, id=23616, stack(0x24020000,0x24070000)]
  0x1980e400 JavaThread "Thread-11" [_thread_blocked, id=25332, stack(0x23f90000,0x23fe0000)]
  0x1980d000 JavaThread "Thread-10" [_thread_blocked, id=15968, stack(0x23f00000,0x23f50000)]
  0x1980dc00 JavaThread "Thread-9" [_thread_blocked, id=7420, stack(0x23e70000,0x23ec0000)]
  0x1980f400 JavaThread "Thread-8" [_thread_blocked, id=3392, stack(0x23be0000,0x23c30000)]
  0x1980b400 JavaThread "Thread-7" [_thread_blocked, id=19816, stack(0x23b50000,0x23ba0000)]
  0x198b2000 JavaThread "Thread-6" [_thread_blocked, id=2956, stack(0x23ac0000,0x23b10000)]
  0x198b1800 JavaThread "Thread-5" [_thread_blocked, id=22288, stack(0x23a30000,0x23a80000)]
  0x15405000 JavaThread "Thread-4" [_thread_blocked, id=16840, stack(0x23990000,0x239e0000)]
  0x1974d400 JavaThread "Prism Font Disposer" daemon [_thread_blocked, id=25040, stack(0x22a20000,0x22a70000)]
  0x195ed400 JavaThread "Thread-3" daemon [_thread_in_native, id=6480, stack(0x20100000,0x20150000)]
  0x195d6c00 JavaThread "JavaFX-Launcher" [_thread_blocked, id=18556, stack(0x20190000,0x201e0000)]
  0x195d1800 JavaThread "JavaFX Application Thread" [_thread_in_native, id=4464, stack(0x19ab0000,0x19b00000)]
  0x195c8c00 JavaThread "Thread-1" daemon [_thread_blocked, id=10812, stack(0x159d0000,0x15a20000)]
  0x15416400 JavaThread "QuantumRenderer-0" daemon [_thread_blocked, id=21136, stack(0x15940000,0x15990000)]
  0x15293c00 JavaThread "Service Thread" daemon [_thread_blocked, id=2600, stack(0x15820000,0x15870000)]
  0x1529a800 JavaThread "C1 CompilerThread0" daemon [_thread_blocked, id=11328, stack(0x15790000,0x157e0000)]
  0x15299800 JavaThread "Attach Listener" daemon [_thread_blocked, id=17500, stack(0x15700000,0x15750000)]
  0x15297800 JavaThread "Signal Dispatcher" daemon [_thread_blocked, id=23356, stack(0x15670000,0x156c0000)]
  0x15279c00 JavaThread "Finalizer" daemon [_thread_blocked, id=12064, stack(0x154f0000,0x15540000)]
  0x15264400 JavaThread "Reference Handler" daemon [_thread_blocked, id=6952, stack(0x15460000,0x154b0000)]
  0x02d4c400 JavaThread "main" [_thread_blocked, id=24740, stack(0x01030000,0x01080000)]

Other Threads:
  0x02b5c800 VMThread [stack: 0x04d50000,0x04da0000] [id=16392]
  0x152a4000 WatcherThread [stack: 0x158b0000,0x15900000] [id=228]

VM state:not at safepoint (normal execution)

VM Mutex/Monitor currently owned by a thread:  ([mutex/lock_event])
[0x02d4b6f0] JNIGlobalHandle_lock - owner thread: 0x1980c400

Heap:
 def new generation   total 4928K, used 1256K [0x04e00000, 0x05350000, 0x0a350000)
  eden space 4416K,  18% used [0x04e00000, 0x04ec7580, 0x05250000)
  from space 512K,  89% used [0x052d0000, 0x05342ba0, 0x05350000)
  to   space 512K,   0% used [0x05250000, 0x05250000, 0x052d0000)
 tenured generation   total 10944K, used 7794K [0x0a350000, 0x0ae00000, 0x14e00000)
   the space 10944K,  71% used [0x0a350000, 0x0aaec8c8, 0x0aaeca00, 0x0ae00000)
 Metaspace       used 10522K, capacity 11218K, committed 11264K, reserved 11648K

Card table byte_map: [0x02c50000,0x02ce0000] byte_map_base: 0x02c29000

Polling page: 0x01080000

CodeCache: size=32768Kb used=1825Kb max_used=1825Kb free=30942Kb
 bounds [0x02d50000, 0x02f20000, 0x04d50000]
 total_blobs=1231 nmethods=823 adapters=338
 compilation: enabled

Compilation events (10 events):
Event: 11.665 Thread 0x1529a800  827             com.sun.prism.impl.BaseTexture::assertLocked (8 bytes)
Event: 11.666 Thread 0x1529a800 nmethod 827 0x02f17a88 code [0x02f17b90, 0x02f17c9c]
Event: 11.826 Thread 0x1529a800  828             com.sun.javafx.geom.transform.Affine3D::updateState (96 bytes)
Event: 11.828 Thread 0x1529a800 nmethod 828 0x02f17d88 code [0x02f17f30, 0x02f181cc]
Event: 11.828 Thread 0x1529a800  829             com.sun.javafx.geom.transform.Affine3D::almostOne (22 bytes)
Event: 11.829 Thread 0x1529a800 nmethod 829 0x02f18248 code [0x02f18350, 0x02f18400]
Event: 11.829 Thread 0x1529a800  830             com.sun.prism.impl.BaseTexture::getPhysicalHeight (5 bytes)
Event: 11.829 Thread 0x1529a800 nmethod 830 0x02f18448 code [0x02f18540, 0x02f185c0]
Event: 11.830 Thread 0x1529a800  831             java.util.WeakHashMap::size (18 bytes)
Event: 11.830 Thread 0x1529a800 nmethod 831 0x02f18608 code [0x02f18710, 0x02f187cc]

GC Heap History (10 events):
Event: 0.724 GC heap before
{Heap before GC invocations=4 (full 0):
 def new generation   total 4928K, used 4928K [0x04e00000, 0x05350000, 0x0a350000)
  eden space 4416K, 100% used [0x04e00000, 0x05250000, 0x05250000)
  from space 512K, 100% used [0x05250000, 0x052d0000, 0x052d0000)
  to   space 512K,   0% used [0x052d0000, 0x052d0000, 0x05350000)
 tenured generation   total 10944K, used 2422K [0x0a350000, 0x0ae00000, 0x14e00000)
   the space 10944K,  22% used [0x0a350000, 0x0a5adac0, 0x0a5adc00, 0x0ae00000)
 Metaspace       used 8073K, capacity 8483K, committed 8576K, reserved 8576K
Event: 0.727 GC heap after
Heap after GC invocations=5 (full 0):
 def new generation   total 4928K, used 298K [0x04e00000, 0x05350000, 0x0a350000)
  eden space 4416K,   0% used [0x04e00000, 0x04e00000, 0x05250000)
  from space 512K,  58% used [0x052d0000, 0x0531ab50, 0x05350000)
  to   space 512K,   0% used [0x05250000, 0x05250000, 0x052d0000)
 tenured generation   total 10944K, used 2923K [0x0a350000, 0x0ae00000, 0x14e00000)
   the space 10944K,  26% used [0x0a350000, 0x0a62afa0, 0x0a62b000, 0x0ae00000)
 Metaspace       used 8073K, capacity 8483K, committed 8576K, reserved 8576K
}
Event: 0.837 GC heap before
{Heap before GC invocations=5 (full 0):
 def new generation   total 4928K, used 4703K [0x04e00000, 0x05350000, 0x0a350000)
  eden space 4416K,  99% used [0x04e00000, 0x0524d330, 0x05250000)
  from space 512K,  58% used [0x052d0000, 0x0531ab50, 0x05350000)
  to   space 512K,   0% used [0x05250000, 0x05250000, 0x052d0000)
 tenured generation   total 10944K, used 2923K [0x0a350000, 0x0ae00000, 0x14e00000)
   the space 10944K,  26% used [0x0a350000, 0x0a62afa0, 0x0a62b000, 0x0ae00000)
 Metaspace       used 9005K, capacity 9509K, committed 9600K, reserved 9600K
Event: 0.839 GC heap after
Heap after GC invocations=6 (full 0):
 def new generation   total 4928K, used 421K [0x04e00000, 0x05350000, 0x0a350000)
  eden space 4416K,   0% used [0x04e00000, 0x04e00000, 0x05250000)
  from space 512K,  82% used [0x05250000, 0x052b9668, 0x052d0000)
  to   space 512K,   0% used [0x052d0000, 0x052d0000, 0x05350000)
 tenured generation   total 10944K, used 3181K [0x0a350000, 0x0ae00000, 0x14e00000)
   the space 10944K,  29% used [0x0a350000, 0x0a66b440, 0x0a66b600, 0x0ae00000)
 Metaspace       used 9005K, capacity 9509K, committed 9600K, reserved 9600K
}
Event: 0.957 GC heap before
{Heap before GC invocations=6 (full 0):
 def new generation   total 4928K, used 4837K [0x04e00000, 0x05350000, 0x0a350000)
  eden space 4416K, 100% used [0x04e00000, 0x05250000, 0x05250000)
  from space 512K,  82% used [0x05250000, 0x052b9668, 0x052d0000)
  to   space 512K,   0% used [0x052d0000, 0x052d0000, 0x05350000)
 tenured generation   total 10944K, used 3181K [0x0a350000, 0x0ae00000, 0x14e00000)
   the space 10944K,  29% used [0x0a350000, 0x0a66b440, 0x0a66b600, 0x0ae00000)
 Metaspace       used 9703K, capacity 10314K, committed 10368K, reserved 10624K
Event: 0.960 GC heap after
Heap after GC invocations=7 (full 0):
 def new generation   total 4928K, used 512K [0x04e00000, 0x05350000, 0x0a350000)
  eden space 4416K,   0% used [0x04e00000, 0x04e00000, 0x05250000)
  from space 512K, 100% used [0x052d0000, 0x05350000, 0x05350000)
  to   space 512K,   0% used [0x05250000, 0x05250000, 0x052d0000)
 tenured generation   total 10944K, used 3917K [0x0a350000, 0x0ae00000, 0x14e00000)
   the space 10944K,  35% used [0x0a350000, 0x0a723630, 0x0a723800, 0x0ae00000)
 Metaspace       used 9703K, capacity 10314K, committed 10368K, reserved 10624K
}
Event: 1.079 GC heap before
{Heap before GC invocations=7 (full 0):
 def new generation   total 4928K, used 4026K [0x04e00000, 0x05350000, 0x0a350000)
  eden space 4416K,  79% used [0x04e00000, 0x0516e880, 0x05250000)
  from space 512K, 100% used [0x052d0000, 0x05350000, 0x05350000)
  to   space 512K,   0% used [0x05250000, 0x05250000, 0x052d0000)
 tenured generation   total 10944K, used 3917K [0x0a350000, 0x0ae00000, 0x14e00000)
   the space 10944K,  35% used [0x0a350000, 0x0a723630, 0x0a723800, 0x0ae00000)
 Metaspace       used 9980K, capacity 10591K, committed 10624K, reserved 10624K
Event: 1.086 GC heap after
Heap after GC invocations=8 (full 0):
 def new generation   total 4928K, used 114K [0x04e00000, 0x05350000, 0x0a350000)
  eden space 4416K,   0% used [0x04e00000, 0x04e00000, 0x05250000)
  from space 512K,  22% used [0x05250000, 0x0526ca38, 0x052d0000)
  to   space 512K,   0% used [0x052d0000, 0x052d0000, 0x05350000)
 tenured generation   total 10944K, used 6770K [0x0a350000, 0x0ae00000, 0x14e00000)
   the space 10944K,  61% used [0x0a350000, 0x0a9ec8b8, 0x0a9eca00, 0x0ae00000)
 Metaspace       used 9980K, capacity 10591K, committed 10624K, reserved 10624K
}
Event: 9.344 GC heap before
{Heap before GC invocations=8 (full 0):
 def new generation   total 4928K, used 4530K [0x04e00000, 0x05350000, 0x0a350000)
  eden space 4416K, 100% used [0x04e00000, 0x05250000, 0x05250000)
  from space 512K,  22% used [0x05250000, 0x0526ca38, 0x052d0000)
  to   space 512K,   0% used [0x052d0000, 0x052d0000, 0x05350000)
 tenured generation   total 10944K, used 6770K [0x0a350000, 0x0ae00000, 0x14e00000)
   the space 10944K,  61% used [0x0a350000, 0x0a9ec8b8, 0x0a9eca00, 0x0ae00000)
 Metaspace       used 10518K, capacity 11210K, committed 11264K, reserved 11648K
Event: 9.353 GC heap after
Heap after GC invocations=9 (full 0):
 def new generation   total 4928K, used 458K [0x04e00000, 0x05350000, 0x0a350000)
  eden space 4416K,   0% used [0x04e00000, 0x04e00000, 0x05250000)
  from space 512K,  89% used [0x052d0000, 0x05342ba0, 0x05350000)
  to   space 512K,   0% used [0x05250000, 0x05250000, 0x052d0000)
 tenured generation   total 10944K, used 7794K [0x0a350000, 0x0ae00000, 0x14e00000)
   the space 10944K,  71% used [0x0a350000, 0x0aaec8c8, 0x0aaeca00, 0x0ae00000)
 Metaspace       used 10518K, capacity 11210K, committed 11264K, reserved 11648K
}

Deoptimization events (0 events):
No events

Internal exceptions (10 events):
Event: 0.122 Thread 0x02d4c400 Exception <a 'java/lang/NullPointerException'> (0x0501d410) thrown at [C:\workspace\8-2-build-windows-i586-cygwin\jdk8u151\9699\hotspot\src\share\vm\interpreter\linkResolver.cpp, line 1183]
Event: 0.333 Thread 0x195d1800 Exception <a 'java/lang/NullPointerException'> (0x04f94d78) thrown at [C:\workspace\8-2-build-windows-i586-cygwin\jdk8u151\9699\hotspot\src\share\vm\interpreter\linkResolver.cpp, line 1183]
Event: 0.333 Thread 0x195d1800 Exception <a 'java/lang/NullPointerException'> (0x04f94d78) thrown at [C:\workspace\8-2-build-windows-i586-cygwin\jdk8u151\9699\hotspot\src\share\vm\prims\jvm.cpp, line 1394]
Event: 0.426 Thread 0x195d1800 Exception <a 'java/lang/ArrayIndexOutOfBoundsException': 58> (0x04fe3860) thrown at [C:\workspace\8-2-build-windows-i586-cygwin\jdk8u151\9699\hotspot\src\share\vm\interpreter\interpreterRuntime.cpp, line 366]
Event: 0.426 Thread 0x195d1800 Exception <a 'java/lang/ArrayIndexOutOfBoundsException': 18> (0x04fe4408) thrown at [C:\workspace\8-2-build-windows-i586-cygwin\jdk8u151\9699\hotspot\src\share\vm\interpreter\interpreterRuntime.cpp, line 366]
Event: 0.426 Thread 0x195d1800 Exception <a 'java/lang/ArrayIndexOutOfBoundsException': 86> (0x04fe5570) thrown at [C:\workspace\8-2-build-windows-i586-cygwin\jdk8u151\9699\hotspot\src\share\vm\interpreter\interpreterRuntime.cpp, line 366]
Event: 0.464 Thread 0x195d1800 Exception <a 'java/lang/ArrayIndexOutOfBoundsException'> (0x0515e868) thrown at [C:\workspace\8-2-build-windows-i586-cygwin\jdk8u151\9699\hotspot\src\share\vm\runtime\sharedRuntime.cpp, line 605]
Event: 0.464 Thread 0x195d1800 Exception <a 'java/lang/ArrayIndexOutOfBoundsException'> (0x0515f6b8) thrown at [C:\workspace\8-2-build-windows-i586-cygwin\jdk8u151\9699\hotspot\src\share\vm\runtime\sharedRuntime.cpp, line 605]
Event: 0.464 Thread 0x195d1800 Exception <a 'java/lang/ArrayIndexOutOfBoundsException'> (0x05160c60) thrown at [C:\workspace\8-2-build-windows-i586-cygwin\jdk8u151\9699\hotspot\src\share\vm\runtime\sharedRuntime.cpp, line 605]
Event: 9.460 Thread 0x195d1800 Implicit null exception at 0x02f06fe1 to 0x02f07046

Events (10 events):
Event: 10.632 Thread 0x198b1800 Thread added: 0x198b1800
Event: 10.635 Thread 0x198b2000 Thread added: 0x198b2000
Event: 10.920 Thread 0x1980b400 Thread added: 0x1980b400
Event: 10.923 Thread 0x1980f400 Thread added: 0x1980f400
Event: 11.214 Thread 0x1980dc00 Thread added: 0x1980dc00
Event: 11.219 Thread 0x1980d000 Thread added: 0x1980d000
Event: 11.517 Thread 0x1980e400 Thread added: 0x1980e400
Event: 11.522 Thread 0x1980c400 Thread added: 0x1980c400
Event: 11.819 Thread 0x1980bc00 Thread added: 0x1980bc00
Event: 11.822 Thread 0x1980cc00 Thread added: 0x1980cc00


Dynamic libraries:
0x00980000 - 0x009b3000 	C:\Program Files (x86)\Java\jdk1.8.0_151\bin\java.exe
0x76f50000 - 0x770de000 	C:\WINDOWS\SYSTEM32\ntdll.dll
0x74ad0000 - 0x74ba0000 	C:\WINDOWS\System32\KERNEL32.DLL
0x74530000 - 0x746f2000 	C:\WINDOWS\System32\KERNELBASE.dll
0x6d350000 - 0x6d3e3000 	C:\WINDOWS\SYSTEM32\apphelp.dll
0x74ba0000 - 0x74c17000 	C:\WINDOWS\System32\ADVAPI32.dll
0x741b0000 - 0x7426d000 	C:\WINDOWS\System32\msvcrt.dll
0x75bb0000 - 0x75bf1000 	C:\WINDOWS\System32\sechost.dll
0x74700000 - 0x747c0000 	C:\WINDOWS\System32\RPCRT4.dll
0x73a20000 - 0x73a40000 	C:\WINDOWS\System32\SspiCli.dll
0x73a10000 - 0x73a1a000 	C:\WINDOWS\System32\CRYPTBASE.dll
0x74090000 - 0x740e7000 	C:\WINDOWS\System32\bcryptPrimitives.dll
0x73a40000 - 0x73b7c000 	C:\WINDOWS\System32\USER32.dll
0x74920000 - 0x74936000 	C:\WINDOWS\System32\win32u.dll
0x740f0000 - 0x74111000 	C:\WINDOWS\System32\GDI32.dll
0x73e90000 - 0x73fe8000 	C:\WINDOWS\System32\gdi32full.dll
0x74000000 - 0x74079000 	C:\WINDOWS\System32\msvcp_win.dll
0x74c60000 - 0x74d78000 	C:\WINDOWS\System32\ucrtbase.dll
0x6fd30000 - 0x6ff3e000 	C:\WINDOWS\WinSxS\x86_microsoft.windows.common-controls_6595b64144ccf1df_6.0.15063.483_none_6dad63fefc436da8\COMCTL32.dll
0x742f0000 - 0x74528000 	C:\WINDOWS\System32\combase.dll
0x74c30000 - 0x74c55000 	C:\WINDOWS\System32\IMM32.DLL
0x6c520000 - 0x6c5df000 	C:\Program Files (x86)\Java\jdk1.8.0_151\jre\bin\msvcr100.dll
0x5d730000 - 0x5dafe000 	C:\Program Files (x86)\Java\jdk1.8.0_151\jre\bin\client\jvm.dll
0x74080000 - 0x74086000 	C:\WINDOWS\System32\PSAPI.DLL
0x6cff0000 - 0x6d014000 	C:\WINDOWS\SYSTEM32\WINMM.dll
0x72f30000 - 0x72f38000 	C:\WINDOWS\SYSTEM32\VERSION.dll
0x6c9b0000 - 0x6c9b8000 	C:\WINDOWS\SYSTEM32\WSOCK32.dll
0x748b0000 - 0x74917000 	C:\WINDOWS\System32\WS2_32.dll
0x6cfc0000 - 0x6cfe3000 	C:\WINDOWS\SYSTEM32\winmmbase.dll
0x73e40000 - 0x73e79000 	C:\WINDOWS\System32\cfgmgr32.dll
0x6f770000 - 0x6f77c000 	C:\Program Files (x86)\Java\jdk1.8.0_151\jre\bin\verify.dll
0x6f050000 - 0x6f071000 	C:\Program Files (x86)\Java\jdk1.8.0_151\jre\bin\java.dll
0x6f030000 - 0x6f044000 	C:\Program Files (x86)\Java\jdk1.8.0_151\jre\bin\zip.dll
0x75c00000 - 0x76f48000 	C:\WINDOWS\System32\SHELL32.dll
0x74120000 - 0x741ac000 	C:\WINDOWS\System32\shcore.dll
0x75240000 - 0x757c7000 	C:\WINDOWS\System32\windows.storage.dll
0x742a0000 - 0x742e5000 	C:\WINDOWS\System32\shlwapi.dll
0x74c20000 - 0x74c2e000 	C:\WINDOWS\System32\kernel.appcore.dll
0x74dd0000 - 0x74e15000 	C:\WINDOWS\System32\powrprof.dll
0x74270000 - 0x74280000 	C:\WINDOWS\System32\profapi.dll
0x6f760000 - 0x6f763000 	C:\Program Files (x86)\Java\jdk1.8.0_151\jre\bin\api-ms-win-core-console-l1-1-0.dll
0x6ed60000 - 0x6ed63000 	C:\Program Files (x86)\Java\jdk1.8.0_151\jre\bin\api-ms-win-core-datetime-l1-1-0.dll
0x6ed50000 - 0x6ed53000 	C:\Program Files (x86)\Java\jdk1.8.0_151\jre\bin\api-ms-win-core-debug-l1-1-0.dll
0x6ed40000 - 0x6ed43000 	C:\Program Files (x86)\Java\jdk1.8.0_151\jre\bin\api-ms-win-core-errorhandling-l1-1-0.dll
0x6ed30000 - 0x6ed34000 	C:\Program Files (x86)\Java\jdk1.8.0_151\jre\bin\api-ms-win-core-file-l1-1-0.dll
0x6dc70000 - 0x6dc73000 	C:\Program Files (x86)\Java\jdk1.8.0_151\jre\bin\api-ms-win-core-file-l1-2-0.dll
0x6dc60000 - 0x6dc63000 	C:\Program Files (x86)\Java\jdk1.8.0_151\jre\bin\api-ms-win-core-file-l2-1-0.dll
0x6dc50000 - 0x6dc53000 	C:\Program Files (x86)\Java\jdk1.8.0_151\jre\bin\api-ms-win-core-handle-l1-1-0.dll
0x6dc40000 - 0x6dc43000 	C:\Program Files (x86)\Java\jdk1.8.0_151\jre\bin\api-ms-win-core-heap-l1-1-0.dll
0x6dc30000 - 0x6dc33000 	C:\Program Files (x86)\Java\jdk1.8.0_151\jre\bin\api-ms-win-core-interlocked-l1-1-0.dll
0x6db20000 - 0x6db23000 	C:\Program Files (x86)\Java\jdk1.8.0_151\jre\bin\api-ms-win-core-libraryloader-l1-1-0.dll
0x6db10000 - 0x6db13000 	C:\Program Files (x86)\Java\jdk1.8.0_151\jre\bin\api-ms-win-core-localization-l1-2-0.dll
0x6db00000 - 0x6db03000 	C:\Program Files (x86)\Java\jdk1.8.0_151\jre\bin\api-ms-win-core-memory-l1-1-0.dll
0x6daf0000 - 0x6daf3000 	C:\Program Files (x86)\Java\jdk1.8.0_151\jre\bin\api-ms-win-core-namedpipe-l1-1-0.dll
0x6dae0000 - 0x6dae3000 	C:\Program Files (x86)\Java\jdk1.8.0_151\jre\bin\api-ms-win-core-processenvironment-l1-1-0.dll
0x6d750000 - 0x6d753000 	C:\Program Files (x86)\Java\jdk1.8.0_151\jre\bin\api-ms-win-core-processthreads-l1-1-0.dll
0x6d740000 - 0x6d743000 	C:\Program Files (x86)\Java\jdk1.8.0_151\jre\bin\api-ms-win-core-processthreads-l1-1-1.dll
0x6d730000 - 0x6d733000 	C:\Program Files (x86)\Java\jdk1.8.0_151\jre\bin\api-ms-win-core-profile-l1-1-0.dll
0x6d720000 - 0x6d723000 	C:\Program Files (x86)\Java\jdk1.8.0_151\jre\bin\api-ms-win-core-rtlsupport-l1-1-0.dll
0x6c780000 - 0x6c783000 	C:\Program Files (x86)\Java\jdk1.8.0_151\jre\bin\api-ms-win-core-string-l1-1-0.dll
0x6c770000 - 0x6c773000 	C:\Program Files (x86)\Java\jdk1.8.0_151\jre\bin\api-ms-win-core-synch-l1-1-0.dll
0x6c760000 - 0x6c763000 	C:\Program Files (x86)\Java\jdk1.8.0_151\jre\bin\api-ms-win-core-synch-l1-2-0.dll
0x6c750000 - 0x6c753000 	C:\Program Files (x86)\Java\jdk1.8.0_151\jre\bin\api-ms-win-core-sysinfo-l1-1-0.dll
0x6c740000 - 0x6c743000 	C:\Program Files (x86)\Java\jdk1.8.0_151\jre\bin\api-ms-win-core-timezone-l1-1-0.dll
0x6c730000 - 0x6c733000 	C:\Program Files (x86)\Java\jdk1.8.0_151\jre\bin\api-ms-win-core-util-l1-1-0.dll
0x6c720000 - 0x6c723000 	C:\Program Files (x86)\Java\jdk1.8.0_151\jre\bin\api-ms-win-crt-conio-l1-1-0.dll
0x6c710000 - 0x6c714000 	C:\Program Files (x86)\Java\jdk1.8.0_151\jre\bin\api-ms-win-crt-convert-l1-1-0.dll
0x6c700000 - 0x6c703000 	C:\Program Files (x86)\Java\jdk1.8.0_151\jre\bin\api-ms-win-crt-environment-l1-1-0.dll
0x6c510000 - 0x6c513000 	C:\Program Files (x86)\Java\jdk1.8.0_151\jre\bin\api-ms-win-crt-filesystem-l1-1-0.dll
0x6b020000 - 0x6b023000 	C:\Program Files (x86)\Java\jdk1.8.0_151\jre\bin\api-ms-win-crt-heap-l1-1-0.dll
0x62a30000 - 0x62a33000 	C:\Program Files (x86)\Java\jdk1.8.0_151\jre\bin\api-ms-win-crt-locale-l1-1-0.dll
0x62a20000 - 0x62a25000 	C:\Program Files (x86)\Java\jdk1.8.0_151\jre\bin\api-ms-win-crt-math-l1-1-0.dll
0x62a10000 - 0x62a15000 	C:\Program Files (x86)\Java\jdk1.8.0_151\jre\bin\api-ms-win-crt-multibyte-l1-1-0.dll
0x62a00000 - 0x62a10000 	C:\Program Files (x86)\Java\jdk1.8.0_151\jre\bin\api-ms-win-crt-private-l1-1-0.dll
0x629f0000 - 0x629f3000 	C:\Program Files (x86)\Java\jdk1.8.0_151\jre\bin\api-ms-win-crt-process-l1-1-0.dll
0x629e0000 - 0x629e4000 	C:\Program Files (x86)\Java\jdk1.8.0_151\jre\bin\api-ms-win-crt-runtime-l1-1-0.dll
0x629d0000 - 0x629d4000 	C:\Program Files (x86)\Java\jdk1.8.0_151\jre\bin\api-ms-win-crt-stdio-l1-1-0.dll
0x629c0000 - 0x629c4000 	C:\Program Files (x86)\Java\jdk1.8.0_151\jre\bin\api-ms-win-crt-string-l1-1-0.dll
0x629b0000 - 0x629b3000 	C:\Program Files (x86)\Java\jdk1.8.0_151\jre\bin\api-ms-win-crt-time-l1-1-0.dll
0x629a0000 - 0x629a3000 	C:\Program Files (x86)\Java\jdk1.8.0_151\jre\bin\api-ms-win-crt-utility-l1-1-0.dll
0x61ff0000 - 0x62108000 	C:\Program Files (x86)\Java\jdk1.8.0_151\jre\bin\ucrtbase.dll
0x62960000 - 0x6299b000 	C:\Program Files (x86)\Java\jdk1.8.0_151\jre\bin\concrt140.dll
0x61f80000 - 0x61fed000 	C:\WINDOWS\SYSTEM32\MSVCP140.dll
0x62940000 - 0x62954000 	C:\WINDOWS\SYSTEM32\VCRUNTIME140.dll
0x62920000 - 0x62934000 	C:\Program Files (x86)\Java\jdk1.8.0_151\jre\bin\vcruntime140.dll
0x61f10000 - 0x61f7c000 	C:\Program Files (x86)\Java\jdk1.8.0_151\jre\bin\msvcp140.dll
0x61ef0000 - 0x61f0e000 	C:\Program Files (x86)\Java\jdk1.8.0_151\jre\bin\prism_d3d.dll
0x6dd90000 - 0x6def2000 	C:\WINDOWS\system32\d3d9.dll
0x6c7d0000 - 0x6c7f3000 	C:\WINDOWS\SYSTEM32\dwmapi.dll
0x6d020000 - 0x6d098000 	C:\WINDOWS\system32\uxtheme.dll
0x15a30000 - 0x1959d000 	C:\WINDOWS\System32\DriverStore\FileRepository\ki125183.inf_amd64_cb49708b33bad074\igdumdim32.dll
0x74e20000 - 0x7523a000 	C:\WINDOWS\System32\SETUPAPI.dll
0x74940000 - 0x74a33000 	C:\WINDOWS\System32\ole32.dll
0x757e0000 - 0x75876000 	C:\WINDOWS\System32\OLEAUT32.dll
0x61eb0000 - 0x61ee8000 	C:\Program Files (x86)\Java\jdk1.8.0_151\jre\bin\glass.dll
0x747c0000 - 0x748af000 	C:\WINDOWS\System32\COMDLG32.dll
0x73b80000 - 0x73cc6000 	C:\WINDOWS\System32\MSCTF.dll
0x6fab0000 - 0x6fb31000 	C:\Program Files (x86)\Common Files\Microsoft Shared\Ink\tiptsf.dll
0x62fb0000 - 0x64258000 	C:\WINDOWS\System32\DriverStore\FileRepository\ki125183.inf_amd64_cb49708b33bad074\igc32.dll
0x61ea0000 - 0x61eb0000 	C:\Program Files (x86)\Java\jdk1.8.0_151\jre\bin\javafx_font.dll
0x204e0000 - 0x20508000 	C:\Windows\System32\Jpcap.dll
0x72750000 - 0x7277f000 	C:\WINDOWS\SYSTEM32\iphlpapi.dll
0x20510000 - 0x2055c000 	C:\WINDOWS\SYSTEM32\wpcap.dll
0x20560000 - 0x20578000 	C:\WINDOWS\SYSTEM32\packet.dll
0x73ff0000 - 0x73ff7000 	C:\WINDOWS\System32\NSI.dll
0x734f0000 - 0x73503000 	C:\WINDOWS\SYSTEM32\dhcpcsvc6.DLL
0x73510000 - 0x73524000 	C:\WINDOWS\SYSTEM32\dhcpcsvc.DLL
0x5d710000 - 0x5d726000 	C:\Program Files (x86)\Java\jdk1.8.0_151\jre\bin\net.dll
0x71110000 - 0x7115e000 	C:\WINDOWS\system32\mswsock.dll
0x69470000 - 0x696b7000 	C:\WINDOWS\SYSTEM32\dwrite.dll
0x74a40000 - 0x74ac3000 	C:\WINDOWS\System32\clbcatq.dll
0x685e0000 - 0x68752000 	C:\WINDOWS\SYSTEM32\WindowsCodecs.dll
0x6f970000 - 0x6f9b3000 	C:\WINDOWS\system32\dataexchange.dll
0x6b110000 - 0x6b362000 	C:\WINDOWS\system32\d3d11.dll
0x6f080000 - 0x6f16b000 	C:\WINDOWS\system32\dcomp.dll
0x6af90000 - 0x6b01a000 	C:\WINDOWS\system32\dxgi.dll
0x62cf0000 - 0x62e26000 	C:\WINDOWS\system32\twinapi.appcore.dll
0x72630000 - 0x72648000 	C:\WINDOWS\system32\bcrypt.dll
0x5d6e0000 - 0x5d705000 	C:\Program Files (x86)\Common Files\Microsoft Shared\Ink\rtscom.dll
0x6f8e0000 - 0x6f947000 	C:\WINDOWS\System32\TextInputFramework.dll
0x6f5d0000 - 0x6f65f000 	C:\WINDOWS\System32\CoreMessaging.dll
0x6d8b0000 - 0x6dad7000 	C:\WINDOWS\System32\CoreUIComponents.dll
0x6f8d0000 - 0x6f8e0000 	C:\WINDOWS\SYSTEM32\usermgrcli.dll
0x6f660000 - 0x6f731000 	C:\WINDOWS\SYSTEM32\wintypes.dll
0x73850000 - 0x73878000 	C:\WINDOWS\SYSTEM32\ntmarta.dll
0x6c070000 - 0x6c1d9000 	C:\Windows\System32\uiautomationcore.dll
0x6fb40000 - 0x6fbc6000 	C:\WINDOWS\SYSTEM32\sxs.dll
0x726f0000 - 0x72746000 	C:\WINDOWS\SYSTEM32\OLEACC.dll

VM Arguments:
jvm_args: -Dfile.encoding=UTF-8 
java_command: C:\Users\Gina Salib\Documents\NetBeansProjects\networkproj\dist\run194246694\networkproj.jar
java_class_path (initial): C:\Users\Gina Salib\Documents\NetBeansProjects\networkproj\dist\run194246694\networkproj.jar
Launcher Type: SUN_STANDARD

Environment Variables:
PATH=C:\ProgramData\Oracle\Java\javapath;C:\Program Files (x86)\Intel\iCLS Client\;C:\Program Files\Intel\iCLS Client\;C:\WINDOWS\system32;C:\WINDOWS;C:\WINDOWS\System32\Wbem;C:\WINDOWS\System32\WindowsPowerShell\v1.0\;C:\Program Files (x86)\Intel\Intel(R) Management Engine Components\DAL;C:\Program Files\Intel\Intel(R) Management Engine Components\DAL;C:\Program Files (x86)\Intel\Intel(R) Management Engine Components\IPT;C:\Program Files\Intel\Intel(R) Management Engine Components\IPT;c:\Program Files (x86)\Microsoft SQL Server\100\Tools\Binn\;c:\Program Files\Microsoft SQL Server\100\Tools\Binn\;c:\Program Files\Microsoft SQL Server\100\DTS\Binn\;C:\Program Files\nodejs\;C:\Program Files\Intel\WiFi\bin\;C:\Program Files\Common Files\Intel\WirelessCommon\;C:\Program Files\Microsoft SQL Server\130\Tools\Binn\;C:\Program Files\dotnet\;C:\Program Files\Git\cmd;C:\Program Files\MATLAB\R2017a\runtime\win64;C:\Program Files\MATLAB\R2017a\bin;C:\Program Files\PuTTY\;C:\Users\Gina Salib\AppData\Local\Programs\Python\Python36-32\Scripts\;C:\Users\Gina Salib\AppData\Local\Programs\Python\Python36-32\;C:\Users\Gina Salib\AppData\Local\Microsoft\WindowsApps;C:\Users\Gina Salib\AppData\Roaming\npm;C:\Program Files\Heroku\bin;C:\ProgramData\Gina Salib\GitHubDesktop\bin;C:\Program Files\Microsoft VS Code\bin;C:\Qt\Qt5.7.0\5.7\mingw53_32\bin
USERNAME=Gina Salib
OS=Windows_NT
PROCESSOR_IDENTIFIER=Intel64 Family 6 Model 142 Stepping 9, GenuineIntel



---------------  S Y S T E M  ---------------

OS: Windows 10.0 , 64 bit Build 15063 (10.0.15063.296)

CPU:total 4 (initial active 4) (2 cores per cpu, 2 threads per core) family 6 model 142 stepping 9, cmov, cx8, fxsr, mmx, sse, sse2, sse3, ssse3, sse4.1, sse4.2, popcnt, avx, avx2, aes, clmul, erms, 3dnowpref, lzcnt, ht, tsc, tscinvbit, bmi1, bmi2, adx

Memory: 4k page, physical 8254700k(2681144k free), swap 16956560k(2580356k free)

vm_info: Java HotSpot(TM) Client VM (25.151-b12) for windows-x86 JRE (1.8.0_151-b12), built on Sep  5 2017 19:31:49 by "java_re" with MS VC++ 10.0 (VS2010)

time: Tue Dec 19 10:34:48 2017
elapsed time: 12 seconds (0d 0h 0m 12s)

